nohup: ignoring input
Number of  Commands: 322
Rana gerbillus
Amolops kaulbacki
Amolops longimanus
Amolops minutus
Buergeria choui
Torrentophryne ailaoanus
Torrentophryne luchunnica
Torrentophryne mengliana
Hypselotriton chenggongensis
Hypselotriton wolterstorffi
Molge wolterstorffi
Cynops cyanurus
Hypselotriton yunnanensis
Feihyla fuhua
Rana margariana
Platymantis reticulatus
Bufo ledongensis
Leptolalax maoershanensis
Leptolalax purpurus
Leptolalax sungi
Leptolalax tengchongensis
Ingerana liui
Leptopelis liui
Platymantis liui
Megophrys feii
Ophryophryne pachyproctus
Xenophrys liboensis
Xenophrys shuichengensis
Paa feae
minica minica
Rana minica
Rana tuberculata
Rana cangyuanensis
Rana assamensis
Rana sikimensis
Oreolalax granulosus
Oreolalax puxiongensis
Megalophrys weigoldi
Hylarana milleti
Indosylvirana milleti
Rana bannanica
Rana milleti
Rana tenggerensis
Philautus kempii
Philautus maosonensis
Philautus tytthus
Quasipaa acanthophora
Rana chevronta
Rana luanchuanensis
Ixalus tuberculatus
Philautus andersoni
Theloderma andersoni
Rhacophorus laoshan
Scutiger adungensis
Aelurophryne brevipes
Aelurophryne maculata
Scutiger pingwuensis
Scutiger wanglangensis
Rhacophorus arvalis
Rhacophorus aurantiventris
Polypedates chenfui
Rhacophorus chenfui
Rhacophorus dennysi
Polypedates zhaojuensis
Rhacophorus hui
Rhacophorus zhaojuensis
Polypedates hungfuensis
Rhacophorus hungfuensis
Rhacophorus leucofasciatus
Rhacophorus lishuiensis
Rhacophorus minimus
Polypedates nigropunctatus
Rhacophorus nigropunctatus
Rhacophorus prasinatus
Rhacophorus smaragdinus
Rhacophorus wui
Polypedates yaoshanensis
Rhacophorus yaoshanensis
Rhacophorus yinggelingensis
Acridotheres burmannicus
Actinodura radcliffei
Aegithalos iredalei
Aethopyga latouchii
Carpodacus rubescens
Sturnus philippensis
Melanocorypha leucoptera
Alaudala cheleensis
Pycnonotus striatus
Psittacula krameri
Anser cygnoides
Traceback (most recent call last):
  File "/home/hmp/miniconda3/envs/py3/lib/python3.9/site-packages/Bio/File.py", line 72, in as_handle
    with open(handleish, mode, **kwargs) as fp:
TypeError: expected str, bytes or os.PathLike object, not TextIOWrapper

During handling of the above exception, another exception occurred:

Traceback (most recent call last):
  File "/home/hmp/paleoclimate/phylogenetic_tree/syn/12S_RNA/12S_RNA_add.py", line 52, in <module>
    RNA_add(os.sys.argv[1],os.sys.argv[2])                     
  File "/home/hmp/paleoclimate/phylogenetic_tree/syn/12S_RNA/12S_RNA_add.py", line 40, in RNA_add
    SeqRecord = SeqIO.read(seq_record_hd,'genbank')
  File "/home/hmp/miniconda3/envs/py3/lib/python3.9/site-packages/Bio/SeqIO/__init__.py", line 654, in read
    record = next(iterator)
  File "/home/hmp/miniconda3/envs/py3/lib/python3.9/site-packages/Bio/SeqIO/Interfaces.py", line 74, in __next__
    return next(self.records)
  File "/home/hmp/miniconda3/envs/py3/lib/python3.9/site-packages/Bio/GenBank/Scanner.py", line 516, in parse_records
    record = self.parse(handle, do_features)
  File "/home/hmp/miniconda3/envs/py3/lib/python3.9/site-packages/Bio/GenBank/Scanner.py", line 499, in parse
    if self.feed(handle, consumer, do_features):
  File "/home/hmp/miniconda3/envs/py3/lib/python3.9/site-packages/Bio/GenBank/Scanner.py", line 475, in feed
    misc_lines, sequence_string = self.parse_footer()
  File "/home/hmp/miniconda3/envs/py3/lib/python3.9/site-packages/Bio/GenBank/Scanner.py", line 1242, in parse_footer
    line = self.handle.readline()
  File "/home/hmp/miniconda3/envs/py3/lib/python3.9/http/client.py", line 655, in read1
    return self._read1_chunked(n)
  File "/home/hmp/miniconda3/envs/py3/lib/python3.9/http/client.py", line 697, in _read1_chunked
    read = self.fp.read1(n)
  File "/home/hmp/miniconda3/envs/py3/lib/python3.9/socket.py", line 704, in readinto
    return self._sock.recv_into(b)
  File "/home/hmp/miniconda3/envs/py3/lib/python3.9/ssl.py", line 1241, in recv_into
    return self.read(nbytes, buffer)
  File "/home/hmp/miniconda3/envs/py3/lib/python3.9/ssl.py", line 1099, in read
    return self._sslobj.read(len, buffer)
ConnectionResetError: [Errno 104] Connection reset by peer
Bubo coromandus
Limicola falcinellus
Calliope tschebaiewi
Carpodacus dubius
Haematospiza sipahi
Carpodacus stoliczkae
Pinicola subhimachala
subhimachalus 
Carpodacus verreauxii
Carpodacus waltoni
Paradoxornis atrosuperciliaris
Chloropsis lazulina
Chloropsis moluccensis
Paradoxornis paradoxus
Chrysocolaptes guttacristatus
Columba eversmanni
Columba punicea
Coracias affinis
Luscinia svecica
Stachyris chrysaea
Cyornis brunneatus
Delichon lagopodum
nipalensis 
Dicrurus annectans
Dryobates pernyii
Melophus lathami
Pomatorhinus erythrocnemis
Pomatorhinus hypoleucos
Burhinus recurvirostris
Ficedula sordida
Muscicapella hodgsoni
Alcippe striaticollis
Gallinago nemoricola
Gampsorhynchus torquatus
Garrulax cinereiceps
Garrulax monachus
Garrulax ruficeps
Garrulus bispecularis
Garrulus leucotis
Glareola lactea
Graminicola striatus
Locustella certhiola
Locustella fasciolata
Locustella ochotensis
Locustella pleskei
Locustella pryeri
Megalurus pryeri
Hemiprocne coronata
Cettia pallidipes
Psittacula finschii
Psittacula roseata
Hirundapus cochinchinensis
Pitta cyanea
Ichthyophaga humilis
Ictinaetus malayensis
Kittacincla malabarica
Arachnothera hypogrammica
Arachnothera hypogrammicum
Hypogramma hypogrammicum
Coracina melaschistos
Lanius borealis
Lanius giganteus
Lanius phoenicuroides
Luscinia cyane
Grus leucogeranus
Bradypterus alishanensis
Bradypterus davidi
Bradypterus luteoventris
Bradypterus major
Bradypterus tacsanowskius
Locustella thoracica
Melanitta fusca
Myophonus insularis
Paradoxornis davidianus
Niltava oatesi
Gorsachius magnificus
Nycticorax magnificus
Turdus mupinensis
Passer cinnamomeus
Phaenicophaeus tristis
Phylloscopus davisoni
Seicercus affinis
Phylloscopus tristis
Picoides funebris
Picus guerini
Pomatorhinus phayrei
Prinia sonitans
Psilopogon asiaticus
Psilopogon cyanotis
Megalaima faber
Megalaima faiostricta
Psilopogon franklinii
Megalaima lineata
Paradoxornis bakeri
Rallus indicus
Ptilinopus leclancheri
Rhopophilus albosuperciliaris
Pycnonotus flaviventris
Alcippe brunnea
Alcippe cinerea
Alcippe dubia
Actinodura morrisoniana
Actinodura waldeni
Sinosuthora brunnea
Paradoxornis przewalskii
Sinosuthora ricketti
Sitta solangiae
Spelaeornis reptatus
Serinus thibetanus
Sturnus cineraceus
Sturnus sericeus
Sphenocichla roberti
Surniculus dicruroides
Paradoxornis fulvifrons
Paradoxornis verreauxi
chinensis old
Syrrhaptes tibetanus
Terpsiphone affinis
Terpsiphone incei
Trichastoma tickelli
Gypsophila crispifrons
Urocissa whiteheadi
Urocissa xanthomelana
Vanellus duvaucelii
Chettusia gregaria
Yuhina torqueola
Amaurornis akool
Amaurornis bicolor
Porzana paykullii
Porzana pusilla
Arctonyx collaris
Arctonyx isonyx
Arctonyx leucolaemus
Arctonyx obscurus
Arctonyx taxoides
Meles albogularis
Meles leucolaemus
Berylmys mackenziei
Dryomys sichuanensis
Soriculus lamula
Soriculus salenskii
Cricetulus tibetanus
Crocidura gmelini
Eptesicus pachyomus
Vesperugo pachyotis
Hadromys yunnanensis
Hipposideros gentilis
Falsistrellus affinis
Pipistrellus affinis
Vesperugo affinis
Encheira lyra
Megaderma lyra
Megaderma spectrum
Vespertilio carnatica
Murina fusca
Mustela nivalis
Mustela aistoodonnivalis
Petaurista magnificus
Petaurista mechukaensis
Petaurista mishmiensis
Sciuropterus chrysothrix
Sciuropterus nobilis
Pipistrellus pipistrellus
Plecotus ariel
Plecotus taivanus
Rhinolophus schnitzleri
Rhinolophus garoensis
Rhinolophus subbadius
Rhinolophus yunanensis
Selevinia paradoxa
Sicista pseudonapaea
Sorex kozlovi
Sorex planiceps
Spermophilus ralli
Tylonycteris pygmaeus
Achalinus hainanensis
Achalinopsis jinggangensis
Alsophylax przewalskii
Amphiesmoides ornaticeps
Asiatyphlops koshunensis
Typhlops koshunensis
Cyrtopodion medogense
Tenuidactylus medogensis
Ahaetulla gorei
Dendrelaphis biloreatus
Dendrophis gorei
Dendrelaphis hollinrakei
Japalura brevicauda
Japalura grahami
Phoxophrys grahami
Ophisaurus ludovici
Eremias kokshaaliensis
Podarces quadrifrons
Ptychozoon bannaense
Gekko guishanicus
Gekko liboensis
Gekko taibaiensis
Gekko wenxianensis
Amphiesma taronense
Amphiesma taronensis
Amphiesma venningi
Hebius taronense
Natrix venningi
Hemidactylus stejnegeri
Hemidactylus vietnamensis
Typhlops lazelli
Dryocalamus davisonii
Ulupe davisonii
Oligodon herberti
Oligodon lungshenensis
Opisthotropis praemaxillaris
Opisthotropis premaxillaris
Paratapinophis premaxillaris
Oligodon evansi
Trirhinopholis nuchalis
Eumeces chinensis
Eumeces popei
Leiolopisma barbouri
Leiolopisma monticola
Leiolopisma ochraceum
Lygosoma przewalskii
Leiolopisma schmidti
Sphenomorphus taiwanensis
Cyrtopodion dadunense
Tropidophorus guangxiensis
Scincella ladacensis
Cyrtopodion medogense
Diploderma fasciatum
Sphenomorphus courcyanum
Eremias roborowskii
Goniurosaurus sinensis
Varanus irrawadicus


We are sorry, commands in file: [FailedCommands] failed.  :-( 

